android/build/outputs/logs/manifest-merger-debug-report.txt
-- Merging decision tree log ---
manifest
ADDED from Yazlab 2/android/AndroidManifest.xml:2:1-76:12
	package
		ADDED from Yazlab 2/android/AndroidManifest.xml:3:5-23
		INJECTED from Yazlab 2/android/AndroidManifest.xml
		INJECTED from Yazlab 2/android/AndroidManifest.xml
	android:versionName
		ADDED from Yazlab 2/android/AndroidManifest.xml:5:5-30
		INJECTED from Yazlab 2/android/AndroidManifest.xml
		INJECTED from Yazlab 2/android/AndroidManifest.xml
	android:versionCode
		ADDED from Yazlab 2/android/AndroidManifest.xml:4:5-28
		INJECTED from Yazlab 2/android/AndroidManifest.xml
		INJECTED from Yazlab 2/android/AndroidManifest.xml
	xmlns:android
		ADDED from Yazlab 2/android/AndroidManifest.xml:2:11-69
uses-sdk
ADDED from Yazlab 2/android/AndroidManifest.xml:7:5-74
	android:targetSdkVersion
		ADDED from Yazlab 2/android/AndroidManifest.xml:7:42-71
		INJECTED from Yazlab 2/android/AndroidManifest.xml
		INJECTED from Yazlab 2/android/AndroidManifest.xml
	android:minSdkVersion
		ADDED from Yazlab 2/android/AndroidManifest.xml:7:15-41
		INJECTED from Yazlab 2/android/AndroidManifest.xml
		INJECTED from Yazlab 2/android/AndroidManifest.xml
uses-permission#android.permission.WRITE_EXTERNAL_STORAGE
ADDED from Yazlab 2/android/AndroidManifest.xml:8:5-81
	android:name
		ADDED from Yazlab 2/android/AndroidManifest.xml:8:22-78
uses-permission#android.permission.READ_EXTERNAL_STORAGE
ADDED from Yazlab 2/android/AndroidManifest.xml:9:5-96
	android:name
		ADDED from Yazlab 2/android/AndroidManifest.xml:9:22-77
application
ADDED from Yazlab 2/android/AndroidManifest.xml:12:5-74:19
	android:label
		ADDED from Yazlab 2/android/AndroidManifest.xml:15:9-41
	android:allowBackup
		ADDED from Yazlab 2/android/AndroidManifest.xml:13:9-35
	android:icon
		ADDED from Yazlab 2/android/AndroidManifest.xml:14:9-38
	android:theme
		ADDED from Yazlab 2/android/AndroidManifest.xml:16:9-40
activity#com.oyun.Splash
ADDED from Yazlab 2/android/AndroidManifest.xml:19:9-28:20
	android:screenOrientation
		ADDED from Yazlab 2/android/AndroidManifest.xml:22:13-50
	android:label
		ADDED from Yazlab 2/android/AndroidManifest.xml:21:13-45
	android:configChanges
		ADDED from Yazlab 2/android/AndroidManifest.xml:23:13-83
	android:name
		ADDED from Yazlab 2/android/AndroidManifest.xml:20:13-35
intent-filter#android.intent.action.MAIN+android.intent.category.LAUNCHER
ADDED from Yazlab 2/android/AndroidManifest.xml:24:13-27:29
action#android.intent.action.MAIN
ADDED from Yazlab 2/android/AndroidManifest.xml:25:17-69
	android:name
		ADDED from Yazlab 2/android/AndroidManifest.xml:25:25-66
category#android.intent.category.LAUNCHER
ADDED from Yazlab 2/android/AndroidManifest.xml:26:17-77
	android:name
		ADDED from Yazlab 2/android/AndroidManifest.xml:26:27-74
activity#com.oyun.AndroidLauncher
ADDED from Yazlab 2/android/AndroidManifest.xml:30:9-39:20
	android:screenOrientation
		ADDED from Yazlab 2/android/AndroidManifest.xml:33:13-50
	android:label
		ADDED from Yazlab 2/android/AndroidManifest.xml:32:13-45
	android:configChanges
		ADDED from Yazlab 2/android/AndroidManifest.xml:34:13-83
	android:name
		ADDED from Yazlab 2/android/AndroidManifest.xml:31:13-44
intent-filter#android.intent.action.MAIN+android.intent.category.DEFAULT
ADDED from Yazlab 2/android/AndroidManifest.xml:35:13-38:29
category#android.intent.category.DEFAULT
ADDED from Yazlab 2/android/AndroidManifest.xml:37:17-76
	android:name
		ADDED from Yazlab 2/android/AndroidManifest.xml:37:27-73
activity#com.oyun.MainMenu
ADDED from Yazlab 2/android/AndroidManifest.xml:41:9-50:20
	android:screenOrientation
		ADDED from Yazlab 2/android/AndroidManifest.xml:44:13-50
	android:label
		ADDED from Yazlab 2/android/AndroidManifest.xml:43:13-45
	android:configChanges
		ADDED from Yazlab 2/android/AndroidManifest.xml:45:13-83
	android:name
		ADDED from Yazlab 2/android/AndroidManifest.xml:42:13-37
activity#com.oyun.Score
ADDED from Yazlab 2/android/AndroidManifest.xml:52:9-61:20
	android:screenOrientation
		ADDED from Yazlab 2/android/AndroidManifest.xml:55:13-50
	android:label
		ADDED from Yazlab 2/android/AndroidManifest.xml:54:13-45
	android:configChanges
		ADDED from Yazlab 2/android/AndroidManifest.xml:56:13-83
	android:name
		ADDED from Yazlab 2/android/AndroidManifest.xml:53:13-34
activity#com.oyun.Hakkimizda
ADDED from Yazlab 2/android/AndroidManifest.xml:63:9-71:20
	android:screenOrientation
		ADDED from Yazlab 2/android/AndroidManifest.xml:66:13-50
	android:label
		ADDED from Yazlab 2/android/AndroidManifest.xml:65:13-45
	android:configChanges
		ADDED from Yazlab 2/android/AndroidManifest.xml:67:13-83
	android:name
		ADDED from Yazlab 2/android/AndroidManifest.xml:64:13-39
intent-filter#android.intent.category.DEFAULT
ADDED from Yazlab 2/android/AndroidManifest.xml:68:13-70:29